make all --print-data-base --no-builtin-variables --no-builtin-rules --question
# GNU Make 4.2.1
# Built for x86_64-pc-linux-gnu
# Copyright (C) 1988-2016 Free Software Foundation, Inc.
# License GPLv3+: GNU GPL version 3 or later <http://gnu.org/licenses/gpl.html>
# This is free software: you are free to change and redistribute it.
# There is NO WARRANTY, to the extent permitted by law.

# Make data base, printed on Mon Aug 29 09:49:14 2022

# Variables

# 'override' directive
GNUMAKEFLAGS := 
# automatic
<D = $(patsubst %/,%,$(dir $<))
# automatic
?F = $(notdir $?)
# environment
DESKTOP_SESSION = ubuntu
# default
.SHELLFLAGS := -c
# environment
XDG_SESSION_CLASS = user
# environment
XDG_SESSION_TYPE = x11
# environment
VSCODE_LOG_NATIVE = false
# automatic
?D = $(patsubst %/,%,$(dir $?))
# environment
IM_CONFIG_PHASE = 1
# automatic
@D = $(patsubst %/,%,$(dir $@))
# environment
XAUTHORITY = /run/user/1000/gdm/Xauthority
# environment
GDMSESSION = ubuntu
# environment
XMODIFIERS = @im=ibus
# makefile
CURDIR := /home/nuno/Documentos/GitHub/CRheoLab
# makefile
SHELL = /bin/sh
# makefile (from 'Makefile', line 32)
RM = rm -rf
# environment
VSCODE_NLS_CONFIG = {"locale":"en","availableLanguages":{},"_languagePackSupport":true}
# environment
_ = /usr/share/code/code
# environment
JOURNAL_STREAM = 8:56626
# environment
XDG_CONFIG_DIRS = /etc/xdg/xdg-ubuntu:/etc/xdg
# makefile (from 'Makefile', line 1)
MAKEFILE_LIST :=  Makefile
# automatic
@F = $(notdir $@)
# environment
GIO_LAUNCHED_DESKTOP_FILE = /usr/share/applications/code.desktop
# environment
USERNAME = nuno
# makefile (from 'Makefile', line 24)
OBJ_DIR := obj
# makefile (from 'Makefile', line 10)
CXXFLAGS := -std=c++11 -g -Wall -I/usr/local/Cellar/boost/1.78.0_1/include/
# environment
XDG_DATA_DIRS = /usr/share/ubuntu:/usr/local/share/:/usr/share/:/var/lib/snapd/desktop
# environment
DBUS_SESSION_BUS_ADDRESS = unix:path=/run/user/1000/bus
# environment
VSCODE_VERBOSE_LOGGING = true
# environment
MANAGERPID = 1918
# environment
LESSOPEN = | /usr/bin/lesspipe %s
# environment
VSCODE_CWD = /home/nuno
# default
MAKE_HOST := x86_64-pc-linux-gnu
# makefile (from 'Makefile', line 38)
OBJ_FILES := obj/IODictionary.o obj/RunTime.o obj/Patch.o obj/csrSpmat.o obj/Mesh.o obj/lilSpmat.o obj/Dictionary.o obj/Cell.o obj/dictionary.o obj/Face.o obj/Point.o obj/IOObject.o
# environment
PATH = /usr/local/sbin:/usr/local/bin:/usr/sbin:/usr/bin:/sbin:/bin:/usr/games:/usr/local/games:/snap/bin
# environment
GPG_AGENT_INFO = /run/user/1000/gnupg/S.gpg-agent:0:1
# environment
SESSION_MANAGER = local/nuno-DT-FORTUNE:@/tmp/.ICE-unix/2128,unix/nuno-DT-FORTUNE:/tmp/.ICE-unix/2128
# environment
XDG_RUNTIME_DIR = /run/user/1000
# environment
GOPATH = /snap/go
# environment
XDG_MENU_PREFIX = gnome-
# environment
VSCODE_LOG_STACK = false
# environment
ELECTRON_RUN_AS_NODE = 1
# environment
INVOCATION_ID = 083b050dd5f942e9b9d2ddeca6bc49f7
# default
.FEATURES := target-specific order-only second-expansion else-if shortest-stem undefine oneshell archives jobserver output-sync check-symlink load
# environment
LS_COLORS = 
# environment
XDG_SESSION_DESKTOP = ubuntu
# environment
SSH_AUTH_SOCK = /run/user/1000/keyring/ssh
# environment
GIO_LAUNCHED_DESKTOP_FILE_PID = 3424
# automatic
%F = $(notdir $%)
# environment
DISPLAY = :1
# environment
VSCODE_PIPE_LOGGING = true
# environment
PWD = /home/nuno/Documentos/GitHub/CRheoLab
# default
.LOADED := 
# environment
SSH_AGENT_PID = 2093
# environment
ORIGINAL_XDG_CURRENT_DESKTOP = ubuntu:GNOME
# environment
GTK_MODULES = gail:atk-bridge
# environment
VSCODE_AMD_ENTRYPOINT = vs/workbench/api/node/extensionHostProcess
# environment
HOME = /home/nuno
# environment
LESSCLOSE = /usr/bin/lesspipe %s %s
# environment
VSCODE_CODE_CACHE_PATH = /home/nuno/.config/Code/CachedData/c3511e6c69bb39013c4a4b7b9566ec1ca73fc4d5
# environment
LOGNAME = nuno
# environment
APPLICATION_INSIGHTS_NO_DIAGNOSTIC_CHANNEL = 1
# environment
VSCODE_HANDLES_UNCAUGHT_ERRORS = true
# environment
GNOME_DESKTOP_SESSION_ID = this-is-deprecated
# automatic
^D = $(patsubst %/,%,$(dir $^))
# makefile (from 'Makefile', line 33)
MD := mkdir -p
# environment
MAKELEVEL := 0
# default
MAKE = $(MAKE_COMMAND)
# default
MAKECMDGOALS := all
# environment
QT_IM_MODULE = ibus
# environment
SHLVL = 0
# makefile (from 'Makefile', line 31)
FIXPATH = $1
# environment
GNOME_SHELL_SESSION_MODE = ubuntu
# environment
VSCODE_IPC_HOOK_EXTHOST = /run/user/1000/vscode-ipc-cc7208f9-c41f-4b32-9846-c3bc2d0bcde6.sock
# default
MAKE_VERSION := 4.2.1
# environment
USER = nuno
# makefile
.DEFAULT_GOAL := all
# environment
XDG_CURRENT_DESKTOP = Unity
# automatic
%D = $(patsubst %/,%,$(dir $%))
# makefile (from 'Makefile', line 15)
LFLAGS = -lboost_filesystem -lboost_system -L/usr/local/Cellar/boost/1.78.0_1/lib/
# default
MAKE_COMMAND := make
# default
.VARIABLES := 
# automatic
*F = $(notdir $*)
# environment
LANGUAGE = pt:pt_BR:en
# environment
VSCODE_IPC_HOOK = /run/user/1000/vscode-00817d56-1.67.2-main.sock
# makefile
MAKEFLAGS = pqrR
# environment
MFLAGS = -pqrR
# automatic
*D = $(patsubst %/,%,$(dir $*))
# makefile (from 'Makefile', line 29)
MAIN := bin/*
# automatic
+D = $(patsubst %/,%,$(dir $+))
# environment
GDK_BACKEND = x11
# automatic
+F = $(notdir $+)
# environment
QT_ACCESSIBILITY = 1
# makefile (from 'Makefile', line 18)
OUTPUT := run
# 'override' directive
.SHELLSTATUS := 0
# default
MAKEFILES := 
# makefile (from 'Makefile', line 21)
SRC_DIR := src
# automatic
<F = $(notdir $<)
# makefile (from 'Makefile', line 7)
CXX = g++
# makefile (from 'Makefile', line 27)
BIN_DIR := bin
# environment
LC_ALL = C
# environment
GJS_DEBUG_TOPICS = JS ERROR;JS LOG
# automatic
^F = $(notdir $^)
# makefile (from 'Makefile', line 36)
SRC_FILES := src/IODictionary.cpp src/RunTime.cpp src/Patch.cpp src/csrSpmat.cpp src/Mesh.cpp src/lilSpmat.cpp src/Dictionary.cpp src/Cell.cpp src/dictionary.cpp src/Face.cpp src/Point.cpp src/IOObject.cpp
# default
SUFFIXES := 
# environment
CHROME_DESKTOP = code-url-handler.desktop
# environment
WINDOWPATH = 2
# default
.INCLUDE_DIRS = /usr/include /usr/local/include /usr/include
# environment
GJS_DEBUG_OUTPUT = stderr
# default
.RECIPEPREFIX := 
# environment
LANG = C
# environment
VSCODE_PID = 3424
# variable set hash-table stats:
# Load=113/1024=11%, Rehash=0, Collisions=16/163=10%

# Pattern-specific Variable Values

# No pattern-specific variable values.

# Directories

# . (device 2050, inode 18099239): 14 files, no impossibilities.
# bin (device 2050, inode 18102772): 3 files, no impossibilities.
# src (device 2050, inode 18102696): 53 files, no impossibilities.

# 70 files, no impossibilities in 3 directories.

# Implicit Rules

obj/%.o: src/%.cpp
#  recipe to execute (from 'Makefile', line 62):
	$(CXX) $(CXXFLAGS) -c -o $@ $<

# 1 implicit rules, 0 (0.0%) terminal.

# Files

# Not a target:
src/Dictionary.cpp:
#  Implicit rule search has been done.
#  Last modified 2022-07-29 13:27:13.365430164
#  File has been updated.
#  Successfully updated.

obj/Cell.o: src/Cell.cpp
#  Implicit rule search has been done.
#  Implicit/static pattern stem: 'Cell'
#  Last modified 2022-08-12 11:49:05.885810368
#  File has been updated.
#  Successfully updated.
#  recipe to execute (from 'Makefile', line 62):
	$(CXX) $(CXXFLAGS) -c -o $@ $<

obj/Dictionary.o: src/Dictionary.cpp
#  Implicit rule search has been done.
#  Implicit/static pattern stem: 'Dictionary'
 
#  Last modified 2022-08-12 11:49:05.653813381
#  File has been updated.
#  Successfully updated.
#  recipe to execute (from 'Makefile', line 62):
	$(CXX) $(CXXFLAGS) -c -o $@ $<

all: run bin/nunoTest
#  Command line target.
#  Implicit rule search has not been done.
#  Implicit/static pattern stem: ''
#  File does not exist.
#  File has been updated.
#  Needs to be updated (-q is set).
# automatic
# @ := all
# automatic
# % := 
# automatic
# * := 
# automatic
# + := run bin/nunoTest
# automatic
# | := 
# automatic
# < := run
# automatic
# ^ := run bin/nunoTest
# automatic
# ? := run bin/nunoTest
# variable set hash-table stats:
# Load=8/32=25%, Rehash=0, Collisions=1/11=9%
#  recipe to execute (from 'Makefile', line 45):
	@echo Executing 'all' complete!

obj/dictionary.o: src/dictionary.cpp
#  Implicit rule search has been done.
#  Implicit/static pattern stem: 'dictionary'
#  Last modified 2022-08-12 11:49:06.377803976
#  File has been updated.
#  Successfully updated.
#  recipe to execute (from 'Makefile', line 62):
	$(CXX) $(CXXFLAGS) -c -o $@ $<

.PHONY: clean
#  Implicit rule search has not been done.
#  Modification time never checked.
#  File has not been updated.

obj/lilSpmat.o: src/lilSpmat.cpp
#  Implicit rule search has been done.
#  Implicit/static pattern stem: 'lilSpmat'
#  Last modified 2022-08-12 11:49:05.161819772
#  File has been updated.
#  Successfully updated.
#  recipe to execute (from 'Makefile', line 62):
	$(CXX) $(CXXFLAGS) -c -o $@ $<

obj/IODictionary.o: src/IODictionary.cpp
#  Implicit rule search has been done.
#  Implicit/static pattern stem: 'IODictionary'
#  Last modified 2022-08-12 11:49:02.753851053
#  File has been updated.
#  Successfully updated.
#  recipe to execute (from 'Makefile', line 62):
	$(CXX) $(CXXFLAGS) -c -o $@ $<

# Not a target:
.SUFFIXES:
#  Implicit rule search has not been done.
#  Modification time never checked.
#  File has not been updated.

# Not a target:
src/Point.cpp:
#  Implicit rule search has been done.
#  Last modified 2022-06-29 14:00:03.496276736
#  File has been updated.
#  Successfully updated.

# Not a target:
Makefile:
#  Implicit rule search has been done.
#  Last modified 2022-08-11 15:44:20.828341
#  File has been updated.
#  Successfully updated.

# Not a target:
src/csrSpmat.cpp:
#  Implicit rule search has been done.
#  Last modified 2022-07-29 13:27:13.365430164
#  File has been updated.
#  Successfully updated.

# Not a target:
src/Patch.cpp:
#  Implicit rule search has been done.
#  Last modified 2022-06-29 14:00:03.496276736
#  File has been updated.
#  Successfully updated.

obj/RunTime.o: src/RunTime.cpp
#  Implicit rule search has been done.
#  Implicit/static pattern stem: 'RunTime'
#  Last modified 2022-08-12 11:49:03.261844454
#  File has been updated.
#  Successfully updated.
#  recipe to execute (from 'Makefile', line 62):
	$(CXX) $(CXXFLAGS) -c -o $@ $<

# Not a target:
src/dictionary.cpp:
#  Implicit rule search has been done.
#  Last modified 2022-07-29 13:27:13.365430164
#  File has been updated.
#  Successfully updated.

obj/Face.o: src/Face.cpp
#  Implicit rule search has been done.
#  Implicit/static pattern stem: 'Face'
#  Last modified 2022-08-12 11:49:06.613800911
#  File has been updated.
#  Successfully updated.
#  recipe to execute (from 'Makefile', line 62):
	$(CXX) $(CXXFLAGS) -c -o $@ $<

# Not a target:
src/IOObject.cpp:
#  Implicit rule search has been done.
#  Last modified 2022-07-29 13:27:13.365430164
#  File has been updated.
#  Successfully updated.

# Not a target:
src/Cell.cpp:
#  Implicit rule search has been done.
#  Last modified 2022-07-29 13:27:13.365430164
#  File has been updated.
#  Successfully updated.

obj/Mesh.o: src/Mesh.cpp
#  Implicit rule search has been done.
#  Implicit/static pattern stem: 'Mesh'
#  Last modified 2022-08-12 11:49:04.817824241
#  File has been updated.
#  Successfully updated.
#  recipe to execute (from 'Makefile', line 62):
	$(CXX) $(CXXFLAGS) -c -o $@ $<

bin/nunoTest: obj/IODictionary.o obj/RunTime.o obj/Patch.o obj/csrSpmat.o obj/Mesh.o obj/lilSpmat.o obj/Dictionary.o obj/Cell.o obj/dictionary.o obj/Face.o obj/Point.o obj/IOObject.o
#  Implicit rule search has not been done.
#  Last modified 2022-08-12 11:49:08.277779295
#  File has been updated.
#  Successfully updated.
#  recipe to execute (from 'Makefile', line 55):
	#$(CXX) $(CXXFLAGS) -o $@ $^ $(LFLAGS)

runs: all
#  Implicit rule search has not been done.
#  Modification time never checked.
#  File has not been updated.
#  recipe to execute (from 'Makefile', line 71):
	./$(OUTPUTMAIN)
	@echo Executing 'run: all' complete!!

# Not a target:
.DEFAULT:
#  Implicit rule search has not been done.
#  Modification time never checked.
#  File has not been updated.

# Not a target:
src/lilSpmat.cpp:
#  Implicit rule search has been done.
#  Last modified 2022-07-29 13:27:13.365430164
#  File has been updated.
#  Successfully updated.

run:
#  Implicit rule search has not been done.
#  Last modified 2022-07-29 13:27:13.361430196
#  File has been updated.
#  Successfully updated.
#  recipe to execute (from 'Makefile', line 48):
	$(MD) $(OUTPUT)

clean:
#  Phony target (prerequisite of .PHONY).
#  Implicit rule search has not been done.
#  File does not exist.
#  File has not been updated.
#  recipe to execute (from 'Makefile', line 66):
	$(RM) $(MAIN)
	$(RM) $(call FIXPATH,$(OBJ_FILES))
	@echo Cleanup complete!

# Not a target:
src/IODictionary.cpp:
#  Implicit rule search has been done.
#  Last modified 2022-08-03 09:56:05.290702122
#  File has been updated.
#  Successfully updated.

obj/Point.o: src/Point.cpp
#  Implicit rule search has been done.
#  Implicit/static pattern stem: 'Point'
#  Last modified 2022-08-12 11:49:06.813798312
#  File has been updated.
#  Successfully updated.
#  recipe to execute (from 'Makefile', line 62):
	$(CXX) $(CXXFLAGS) -c -o $@ $<

obj/csrSpmat.o: src/csrSpmat.cpp
#  Implicit rule search has been done.
#  Implicit/static pattern stem: 'csrSpmat'
#  Last modified 2022-08-12 11:49:04.001834841
#  File has been updated.
#  Successfully updated.
#  recipe to execute (from 'Makefile', line 62):
	$(CXX) $(CXXFLAGS) -c -o $@ $<

# Not a target:
src/RunTime.cpp:
#  Implicit rule search has been done.
#  Last modified 2022-07-29 13:27:13.365430164
#  File has been updated.
#  Successfully updated.

obj/Patch.o: src/Patch.cpp
#  Implicit rule search has been done.
#  Implicit/static pattern stem: 'Patch'
#  Last modified 2022-08-12 11:49:03.353843258
#  File has been updated.
#  Successfully updated.
#  recipe to execute (from 'Makefile', line 62):
	$(CXX) $(CXXFLAGS) -c -o $@ $<

# Not a target:
src/Face.cpp:
#  Implicit rule search has been done.
#  Last modified 2022-07-29 13:27:13.365430164
#  File has been updated.
#  Successfully updated.

# Not a target:
src/Mesh.cpp:
#  Implicit rule search has been done.
#  Last modified 2022-07-29 13:27:13.365430164
#  File has been updated.
#  Successfully updated.

obj/IOObject.o: src/IOObject.cpp
#  Implicit rule search has been done.
#  Implicit/static pattern stem: 'IOObject'
#  Last modified 2022-08-12 11:49:07.425790362
#  File has been updated.
#  Successfully updated.
#  recipe to execute (from 'Makefile', line 62):
	$(CXX) $(CXXFLAGS) -c -o $@ $<

# files hash-table stats:
# Load=33/1024=3%, Rehash=0, Collisions=13/100=13%
# VPATH Search Paths

# No 'vpath' search paths.

# No general ('VPATH' variable) search path.

# strcache buffers: 1 (0) / strings = 110 / storage = 1284 B / avg = 11 B
# current buf: size = 8162 B / used = 1284 B / count = 110 / avg = 11 B

# strcache performance: lookups = 148 / hit rate = 25%
# hash-table stats:
# Load=110/8192=1%, Rehash=0, Collisions=13/148=9%
# Finished Make data base on Mon Aug 29 09:49:14 2022

 
